[0.009s] Invoking command in '/home/jshah/ros2_ws/kinova-cinema-bot/ros2_ws/build/cinema-bot': CMAKE_PREFIX_PATH=${CMAKE_PREFIX_PATH}:/opt/ros/humble /usr/bin/cmake --build /home/jshah/ros2_ws/kinova-cinema-bot/ros2_ws/build/cinema-bot -- -j22 -l22
[0.022s] -- Found ament_cmake: 1.3.12 (/opt/ros/humble/share/ament_cmake/cmake)
[0.077s] -- Found rclcpp: 16.0.16 (/opt/ros/humble/share/rclcpp/cmake)
[0.093s] -- Found rosidl_generator_c: 3.1.7 (/opt/ros/humble/share/rosidl_generator_c/cmake)
[0.095s] -- Found rosidl_adapter: 3.1.7 (/opt/ros/humble/share/rosidl_adapter/cmake)
[0.098s] -- Found rosidl_generator_cpp: 3.1.7 (/opt/ros/humble/share/rosidl_generator_cpp/cmake)
[0.103s] -- Using all available rosidl_typesupport_c: rosidl_typesupport_fastrtps_c;rosidl_typesupport_introspection_c
[0.110s] -- Using all available rosidl_typesupport_cpp: rosidl_typesupport_fastrtps_cpp;rosidl_typesupport_introspection_cpp
[0.128s] -- Found rmw_implementation_cmake: 6.1.2 (/opt/ros/humble/share/rmw_implementation_cmake/cmake)
[0.128s] -- Found rmw_fastrtps_cpp: 6.2.9 (/opt/ros/humble/share/rmw_fastrtps_cpp/cmake)
[0.198s] -- Using RMW implementation 'rmw_fastrtps_cpp' as default
[0.229s] -- Found geometry_msgs: 4.9.0 (/opt/ros/humble/share/geometry_msgs/cmake)
[0.239s] -- Found ament_lint_auto: 0.12.14 (/opt/ros/humble/share/ament_lint_auto/cmake)
[0.290s] -- Added test 'cppcheck' to perform static code analysis on C / C++ code
[0.290s] -- Configured cppcheck include dirs: $<BUILD_INTERFACE:/home/jshah/ros2_ws/kinova-cinema-bot/ros2_ws/src/cinema-bot/include>
[0.290s] -- Configured cppcheck exclude dirs and/or files: 
[0.290s] -- Added test 'flake8' to check Python code syntax and style conventions
[0.291s] -- Added test 'lint_cmake' to check CMake code style
[0.291s] -- Added test 'pep257' to check Python code against some of the docstring style conventions in PEP 257
[0.291s] -- Added test 'uncrustify' to check C / C++ code style
[0.291s] -- Configured uncrustify additional arguments: 
[0.291s] -- Added test 'xmllint' to check XML markup files
[0.291s] -- Configuring done
[0.295s] -- Generating done
[0.297s] -- Build files have been written to: /home/jshah/ros2_ws/kinova-cinema-bot/ros2_ws/build/cinema-bot
[0.319s] [ 50%] [32mBuilding CXX object CMakeFiles/control.dir/src/control.cpp.o[0m
[1.501s] [01m[K/home/jshah/ros2_ws/kinova-cinema-bot/ros2_ws/src/cinema-bot/src/control.cpp:23:21:[m[K [01;31m[Kerror: [m[Kâ€˜[01m[Kstd_msgs[m[Kâ€™ was not declared in this scope
[1.502s]    23 |   rclcpp::Publisher<[01;31m[Kstd_msgs[m[K::msg::String>::SharedPtr publisher_;
[1.502s]       |                     [01;31m[K^~~~~~~~[m[K
[1.502s] [01m[K/home/jshah/ros2_ws/kinova-cinema-bot/ros2_ws/src/cinema-bot/src/control.cpp:23:42:[m[K [01;31m[Kerror: [m[Ktemplate argument 1 is invalid
[1.502s]    23 |   rclcpp::Publisher<std_msgs::msg::String[01;31m[K>[m[K::SharedPtr publisher_;
[1.502s]       |                                          [01;31m[K^[m[K
[1.502s] [01m[K/home/jshah/ros2_ws/kinova-cinema-bot/ros2_ws/src/cinema-bot/src/control.cpp:23:45:[m[K [01;31m[Kerror: [m[Kexpected â€˜[01m[K;[m[Kâ€™ at end of member declaration
[1.502s]    23 |   rclcpp::Publisher<std_msgs::msg::String>::[01;31m[KSharedPtr[m[K publisher_;
[1.503s]       |                                             [01;31m[K^~~~~~~~~[m[K
[1.503s]       |                                                      [32m[K;[m[K
[1.503s] [01m[K/home/jshah/ros2_ws/kinova-cinema-bot/ros2_ws/src/cinema-bot/src/control.cpp:23:55:[m[K [01;31m[Kerror: [m[Kâ€˜[01m[Kpublisher_[m[Kâ€™ does not name a type; did you mean â€˜[01m[Krmw_publisher_t[m[Kâ€™?
[1.503s]    23 |   rclcpp::Publisher<std_msgs::msg::String>::SharedPtr [01;31m[Kpublisher_[m[K;
[1.504s]       |                                                       [01;31m[K^~~~~~~~~~[m[K
[1.504s]       |                                                       [32m[Krmw_publisher_t[m[K
[1.504s] [01m[K/home/jshah/ros2_ws/kinova-cinema-bot/ros2_ws/src/cinema-bot/src/control.cpp:30:3:[m[K [01;31m[Kerror: [m[Kâ€˜[01m[Krclcpp[m[Kâ€™ does not name a type
[1.504s]    30 |   [01;31m[Krclcpp[m[K : subscription<geometry_msgs::msg::Pose>::SharedPtr subscription_
[1.504s]       |   [01;31m[K^~~~~~[m[K
[1.508s] [01m[K/home/jshah/ros2_ws/kinova-cinema-bot/ros2_ws/src/cinema-bot/src/control.cpp:[m[K In constructor â€˜[01m[KController::Controller()[m[Kâ€™:
[1.508s] [01m[K/home/jshah/ros2_ws/kinova-cinema-bot/ros2_ws/src/cinema-bot/src/control.cpp:14:5:[m[K [01;31m[Kerror: [m[Kâ€˜[01m[Ksubscription_[m[Kâ€™ was not declared in this scope; did you mean â€˜[01m[Krmw_subscription_t[m[Kâ€™?
[1.508s]    14 |     [01;31m[Ksubscription_[m[K = this->create_subscription<geometry_msgs::msg::Pose>(
[1.508s]       |     [01;31m[K^~~~~~~~~~~~~[m[K
[1.509s]       |     [32m[Krmw_subscription_t[m[K
[1.509s] [01m[K/home/jshah/ros2_ws/kinova-cinema-bot/ros2_ws/src/cinema-bot/src/control.cpp:15:72:[m[K [01;31m[Kerror: [m[Kâ€˜[01m[K_1[m[Kâ€™ was not declared in this scope; did you mean â€˜[01m[Kstd::placeholders::_1[m[Kâ€™?
[1.509s]    15 |         "target_pose", 5, std::bind(&Controller::topic_callback, this, [01;31m[K_1[m[K))
[1.509s]       |                                                                        [01;31m[K^~[m[K
[1.509s]       |                                                                        [32m[Kstd::placeholders::_1[m[K
[1.509s] In file included from [01m[K/home/jshah/ros2_ws/kinova-cinema-bot/ros2_ws/src/cinema-bot/src/control.cpp:2[m[K:
[1.509s] [01m[K/usr/include/c++/11/functional:225:34:[m[K [01;36m[Knote: [m[Kâ€˜[01m[Kstd::placeholders::_1[m[Kâ€™ declared here
[1.509s]   225 |     extern const _Placeholder<1> [01;36m[K_1[m[K;
[1.509s]       |                                  [01;36m[K^~[m[K
[1.510s] In file included from [01m[K/opt/ros/humble/include/rclcpp/rclcpp/logging.hpp:24[m[K,
[1.510s]                  from [01m[K/opt/ros/humble/include/rclcpp/rclcpp/client.hpp:40[m[K,
[1.510s]                  from [01m[K/opt/ros/humble/include/rclcpp/rclcpp/callback_group.hpp:24[m[K,
[1.510s]                  from [01m[K/opt/ros/humble/include/rclcpp/rclcpp/any_executable.hpp:20[m[K,
[1.510s]                  from [01m[K/opt/ros/humble/include/rclcpp/rclcpp/memory_strategy.hpp:25[m[K,
[1.510s]                  from [01m[K/opt/ros/humble/include/rclcpp/rclcpp/memory_strategies.hpp:18[m[K,
[1.510s]                  from [01m[K/opt/ros/humble/include/rclcpp/rclcpp/executor_options.hpp:20[m[K,
[1.510s]                  from [01m[K/opt/ros/humble/include/rclcpp/rclcpp/executor.hpp:37[m[K,
[1.510s]                  from [01m[K/opt/ros/humble/include/rclcpp/rclcpp/executors/multi_threaded_executor.hpp:25[m[K,
[1.510s]                  from [01m[K/opt/ros/humble/include/rclcpp/rclcpp/executors.hpp:21[m[K,
[1.511s]                  from [01m[K/opt/ros/humble/include/rclcpp/rclcpp/rclcpp.hpp:155[m[K,
[1.511s]                  from [01m[K/home/jshah/ros2_ws/kinova-cinema-bot/ros2_ws/src/cinema-bot/src/control.cpp:7[m[K:
[1.511s] [01m[K/home/jshah/ros2_ws/kinova-cinema-bot/ros2_ws/src/cinema-bot/src/control.cpp:[m[K In member function â€˜[01m[Kvoid Controller::topic_callback(geometry_msgs::msg::Pose_<std::allocator<void> >::SharedPtr) const[m[Kâ€™:
[1.511s] [01m[K/home/jshah/ros2_ws/kinova-cinema-bot/ros2_ws/src/cinema-bot/src/control.cpp:28:55:[m[K [01;31m[Kerror: [m[Kâ€˜[01m[Kconst SharedPtr[m[Kâ€™ {aka â€˜[01m[Kconst class std::shared_ptr<geometry_msgs::msg::Pose_<std::allocator<void> > >[m[Kâ€™} has no member named â€˜[01m[Kposition[m[Kâ€™
[1.511s]    28 |                 msg->position.x, msg->position.y, msg.[01;31m[Kposition[m[K.z);
[1.511s]       |                                                       [01;31m[K^~~~~~~~[m[K
[1.755s] gmake[2]: *** [CMakeFiles/control.dir/build.make:76: CMakeFiles/control.dir/src/control.cpp.o] Error 1
[1.755s] gmake[1]: *** [CMakeFiles/Makefile2:137: CMakeFiles/control.dir/all] Error 2
[1.755s] gmake: *** [Makefile:146: all] Error 2
[1.758s] Invoked command in '/home/jshah/ros2_ws/kinova-cinema-bot/ros2_ws/build/cinema-bot' returned '2': CMAKE_PREFIX_PATH=${CMAKE_PREFIX_PATH}:/opt/ros/humble /usr/bin/cmake --build /home/jshah/ros2_ws/kinova-cinema-bot/ros2_ws/build/cinema-bot -- -j22 -l22
